2025-04-20 09:29:47,966 [INFO] Activator:176 - 


2025-04-20 09:29:47,967 [INFO] Activator:177 - !SESSION log4j initialized
2025-04-20 09:29:50,020 [INFO] LogOutputStream:77 - [STDOUT_REDIRECT] 
2025-04-20 09:30:00,684 [INFO] ApplicationProperties:184 - Using Application install path: C:\ST\STM32CubeIDE_1.18.0\STM32CubeIDE\plugins\com.st.stm32cube.common.mx_6.14.0.202502271554
2025-04-20 09:30:00,694 [INFO] DbMcusXml:78 - Set database path to: C:\ST\STM32CubeIDE_1.18.0\STM32CubeIDE\plugins\com.st.stm32cube.common.mx_6.14.0.202502271554\\db\/mcu/
2025-04-20 09:30:00,694 [INFO] ApiDb:274 - Set plugin database path to: C:\ST\STM32CubeIDE_1.18.0\STM32CubeIDE\plugins\com.st.stm32cube.common.mx_6.14.0.202502271554\\db\/plugins/boardmanager/
2025-04-20 09:30:00,694 [WARN] ApiDb:259 - Overriding images path with different value:  => C:\ST\STM32CubeIDE_1.18.0\STM32CubeIDE\plugins\com.st.stm32cube.common.mx_6.14.0.202502271554\\db\/plugins/mcufinder/images/
2025-04-20 09:30:00,697 [INFO] ApiDb:250 - Set database path to: C:\Users\yomue\.stmcufinder\plugins\mcufinder//mcu/
2025-04-20 09:30:00,698 [INFO] DbMcusAds:125 - Set database path to: C:\Users\yomue\.stmcufinder\plugins\mcufinder//mcu/
2025-04-20 09:30:00,704 [INFO] CrossReferenceDbSqlite:203 - Set database path to: C:\Users\yomue\.stmcufinder\plugins\mcufinder//mcu/cs/
2025-04-20 09:30:00,775 [INFO] RulesReader:64 - Compatibility file has been processed (301 Rules)
2025-04-20 09:30:00,826 [INFO] DbMcusXml:78 - Set database path to: C:\ST\STM32CubeIDE_1.18.0\STM32CubeIDE\plugins\com.st.stm32cube.common.mx_6.14.0.202502271554\\db\/mcu/
2025-04-20 09:30:00,826 [INFO] ApiDb:274 - Set plugin database path to: C:\ST\STM32CubeIDE_1.18.0\STM32CubeIDE\plugins\com.st.stm32cube.common.mx_6.14.0.202502271554\\db\/plugins/boardmanager/
2025-04-20 09:30:00,827 [INFO] ApiDb:261 - Set plugin images path to: C:\ST\STM32CubeIDE_1.18.0\STM32CubeIDE\plugins\com.st.stm32cube.common.mx_6.14.0.202502271554\\db\/plugins/mcufinder/images/
2025-04-20 09:30:00,827 [WARN] DbFile:41 - Overriding database path with different value: C:\Users\yomue\.stmcufinder\plugins\mcufinder/ => C:\Users\yomue\.stmcufinder\plugins\mcufinder
2025-04-20 09:30:00,827 [INFO] ApiDb:250 - Set database path to: C:\Users\yomue\.stmcufinder\plugins\mcufinder//mcu/
2025-04-20 09:30:00,827 [WARN] DbFile:41 - Overriding database path with different value: C:\Users\yomue\.stmcufinder\plugins\mcufinder/ => C:\Users\yomue\.stmcufinder\plugins\mcufinder
2025-04-20 09:30:00,827 [INFO] DbMcusAds:125 - Set database path to: C:\Users\yomue\.stmcufinder\plugins\mcufinder//mcu/
2025-04-20 09:30:00,827 [WARN] DbFile:41 - Overriding database path with different value: C:\Users\yomue\.stmcufinder\plugins\mcufinder/ => C:\Users\yomue\.stmcufinder\plugins\mcufinder
2025-04-20 09:30:00,827 [WARN] DbFile:41 - Overriding database path with different value: C:\Users\yomue\.stmcufinder\plugins\mcufinder/ => C:\Users\yomue\.stmcufinder\plugins\mcufinder
2025-04-20 09:30:00,827 [INFO] CrossReferenceDbSqlite:203 - Set database path to: C:\Users\yomue\.stmcufinder\plugins\mcufinder//mcu/cs/
2025-04-20 09:30:00,887 [INFO] MainPanel:272 - HeapMemory: 268435456
2025-04-20 09:30:00,937 [INFO] DbMcusXml:78 - Set database path to: C:\ST\STM32CubeIDE_1.18.0\STM32CubeIDE\plugins\com.st.stm32cube.common.mx_6.14.0.202502271554\\db\/mcu/
2025-04-20 09:30:00,937 [INFO] ApiDb:274 - Set plugin database path to: C:\ST\STM32CubeIDE_1.18.0\STM32CubeIDE\plugins\com.st.stm32cube.common.mx_6.14.0.202502271554\\db\/plugins/boardmanager/
2025-04-20 09:30:00,937 [INFO] ApiDb:261 - Set plugin images path to: C:\ST\STM32CubeIDE_1.18.0\STM32CubeIDE\plugins\com.st.stm32cube.common.mx_6.14.0.202502271554\\db\/plugins/mcufinder/images/
2025-04-20 09:30:00,938 [WARN] DbFile:41 - Overriding database path with different value: C:\Users\yomue\.stmcufinder\plugins\mcufinder/ => C:\Users\yomue\.stmcufinder\plugins\mcufinder
2025-04-20 09:30:00,938 [INFO] ApiDb:250 - Set database path to: C:\Users\yomue\.stmcufinder\plugins\mcufinder//mcu/
2025-04-20 09:30:00,938 [WARN] DbFile:41 - Overriding database path with different value: C:\Users\yomue\.stmcufinder\plugins\mcufinder/ => C:\Users\yomue\.stmcufinder\plugins\mcufinder
2025-04-20 09:30:00,938 [INFO] DbMcusAds:125 - Set database path to: C:\Users\yomue\.stmcufinder\plugins\mcufinder//mcu/
2025-04-20 09:30:00,938 [WARN] DbFile:41 - Overriding database path with different value: C:\Users\yomue\.stmcufinder\plugins\mcufinder/ => C:\Users\yomue\.stmcufinder\plugins\mcufinder
2025-04-20 09:30:00,938 [WARN] DbFile:41 - Overriding database path with different value: C:\Users\yomue\.stmcufinder\plugins\mcufinder/ => C:\Users\yomue\.stmcufinder\plugins\mcufinder
2025-04-20 09:30:00,938 [INFO] CrossReferenceDbSqlite:203 - Set database path to: C:\Users\yomue\.stmcufinder\plugins\mcufinder//mcu/cs/
2025-04-20 09:30:00,948 [INFO] ApplicationProperties:184 - Using Application install path: C:\ST\STM32CubeIDE_1.18.0\STM32CubeIDE\plugins\com.st.stm32cube.common.mx_6.14.0.202502271554
2025-04-20 09:30:00,949 [INFO] PluginManage:196 - Search for loadable plugins [exclusion list=, ]
2025-04-20 09:30:00,950 [INFO] PluginManage:310 - Check plugin analytics
2025-04-20 09:30:01,103 [INFO] AnalyticsPlugin:253 - Accepted Software Licenses: STM32CubeMX.6.14.0
2025-04-20 09:30:01,103 [INFO] AnalyticsPlugin:255 - Accepted CMSIS Pack Licenses: 
2025-04-20 09:30:01,104 [INFO] AnalyticsPlugin:257 - Accepted Firmware Licenses: FW.L4.1.18.0
2025-04-20 09:30:01,107 [INFO] PluginManage:359 - Loaded plugin analytics (category:tool,tabindex:-1)
2025-04-20 09:30:01,108 [INFO] PluginManage:310 - Check plugin cadmodel
2025-04-20 09:30:01,113 [INFO] CADModel:105 - Init CAD model plugin
2025-04-20 09:30:01,114 [INFO] PluginManage:359 - Loaded plugin cadmodel (category:power,tabindex:5)
2025-04-20 09:30:01,114 [INFO] PluginManage:310 - Check plugin clock
2025-04-20 09:30:01,124 [INFO] PluginManage:359 - Loaded plugin clock (category:base,tabindex:2)
2025-04-20 09:30:01,124 [INFO] PluginManage:310 - Check plugin ddr
2025-04-20 09:30:01,127 [INFO] PluginManage:359 - Loaded plugin ddr (category:tool,tabindex:6)
2025-04-20 09:30:01,128 [INFO] PluginManage:310 - Check plugin filemanager
2025-04-20 09:30:01,237 [INFO] PluginManage:359 - Loaded plugin filemanager (category:base,tabindex:10)
2025-04-20 09:30:01,237 [INFO] PluginManage:310 - Check plugin ipmanager
2025-04-20 09:30:01,241 [INFO] PluginManage:359 - Loaded plugin ipmanager (category:base,tabindex:5)
2025-04-20 09:30:01,242 [INFO] PluginManage:310 - Check plugin lpbam
2025-04-20 09:30:01,247 [INFO] PluginManage:359 - Loaded plugin lpbam (category:base,tabindex:0)
2025-04-20 09:30:01,247 [INFO] PluginManage:310 - Check plugin memorymap
2025-04-20 09:30:01,254 [INFO] PluginManage:359 - Loaded plugin memorymap (category:base,tabindex:4)
2025-04-20 09:30:01,254 [INFO] PluginManage:310 - Check plugin pinoutandconfiguration
2025-04-20 09:30:01,258 [INFO] PluginManage:359 - Loaded plugin pinoutandconfiguration (category:base,tabindex:1)
2025-04-20 09:30:01,258 [INFO] PluginManage:310 - Check plugin pinoutconfig
2025-04-20 09:30:01,309 [WARN] SupportedApi:132 - Cannot load RTOS API schema: s4s-elt-must-match.1: The content of 'definitions' must match (annotation?, (simpleType | complexType)?, (unique | key | keyref)*)). A problem was found starting at: attribute.
2025-04-20 09:30:01,384 [INFO] PluginManage:359 - Loaded plugin pinoutconfig (category:base,tabindex:0)
2025-04-20 09:30:01,384 [INFO] PluginManage:310 - Check plugin power
2025-04-20 09:30:01,388 [INFO] PluginManage:359 - Loaded plugin power (category:power,tabindex:4)
2025-04-20 09:30:01,388 [INFO] PluginManage:310 - Check plugin projectmanager
2025-04-20 09:30:01,398 [INFO] PluginManage:359 - Loaded plugin projectmanager (category:projectmanager,tabindex:4)
2025-04-20 09:30:01,399 [INFO] PluginManage:310 - Check plugin rif
2025-04-20 09:30:01,404 [INFO] PluginManage:359 - Loaded plugin rif (category:base,tabindex:3)
2025-04-20 09:30:01,404 [INFO] PluginManage:310 - Check plugin thirdparty
2025-04-20 09:30:01,501 [WARN] IntegrityCheckThread:84 - waiting for thirdparty lock release [integrity check]
2025-04-20 09:30:01,502 [INFO] IntegrityCheckThread:86 - entering critical section [integrity check]
2025-04-20 09:30:01,502 [INFO] ThirdPartyUpdaterWithRetryManager:70 - Updater plugin not ready yet. [1/15]
2025-04-20 09:30:01,502 [INFO] PluginManage:359 - Loaded plugin thirdparty (category:base,tabindex:-1)
2025-04-20 09:30:01,502 [INFO] PluginManage:310 - Check plugin tools
2025-04-20 09:30:01,507 [INFO] PluginManage:359 - Loaded plugin tools (category:base,tabindex:7)
2025-04-20 09:30:01,507 [INFO] PluginManage:310 - Check plugin tutovideos
2025-04-20 09:30:01,611 [INFO] PluginManage:359 - Loaded plugin tutovideos (category:base,tabindex:-1)
2025-04-20 09:30:01,612 [INFO] PluginManage:310 - Check plugin updater
2025-04-20 09:30:01,626 [INFO] PluginManage:359 - Loaded plugin updater (category:base,tabindex:12)
2025-04-20 09:30:01,626 [INFO] PluginManage:310 - Check plugin userauth
2025-04-20 09:30:01,628 [INFO] UserAuth:118 - Init User Auth plugin
2025-04-20 09:30:01,629 [INFO] PluginManage:359 - Loaded plugin userauth (category:base,tabindex:14)
2025-04-20 09:30:01,629 [INFO] PluginManage:283 - PluginManage : Loaded plugins [18]
2025-04-20 09:30:01,766 [INFO] PinOutPanel:1589 - setPackage(No Configuration,No Configuration)
2025-04-20 09:30:01,839 [INFO] CADModel:165 - CPN selected for project level
2025-04-20 09:30:01,840 [INFO] CADModel:114 - Register for checkConnection events
2025-04-20 09:30:01,854 [INFO] IPUIPlugin:80 - create IPUIPlugin
2025-04-20 09:30:01,854 [INFO] PluginManager:220 - loadIPPluginJar : add adc
2025-04-20 09:30:01,855 [INFO] IPUIPlugin:80 - create IPUIPlugin
2025-04-20 09:30:01,856 [INFO] PluginManager:220 - loadIPPluginJar : add aes
2025-04-20 09:30:01,857 [INFO] IPUIPlugin:80 - create IPUIPlugin
2025-04-20 09:30:01,857 [INFO] PluginManager:220 - loadIPPluginJar : add can
2025-04-20 09:30:01,858 [INFO] IPUIPlugin:80 - create IPUIPlugin
2025-04-20 09:30:01,858 [INFO] PluginManager:220 - loadIPPluginJar : add comp
2025-04-20 09:30:01,859 [INFO] IPUIPlugin:80 - create IPUIPlugin
2025-04-20 09:30:01,860 [INFO] PluginManager:220 - loadIPPluginJar : add cryp
2025-04-20 09:30:01,862 [INFO] IPUIPlugin:80 - create IPUIPlugin
2025-04-20 09:30:01,862 [INFO] PluginManager:220 - loadIPPluginJar : add ddr_ctrl_phy
2025-04-20 09:30:01,863 [INFO] IPUIPlugin:80 - create IPUIPlugin
2025-04-20 09:30:01,863 [INFO] PluginManager:220 - loadIPPluginJar : add dfsdm
2025-04-20 09:30:01,867 [INFO] IPUIPlugin:80 - create IPUIPlugin
2025-04-20 09:30:01,867 [INFO] PluginManager:220 - loadIPPluginJar : add dma
2025-04-20 09:30:01,868 [INFO] IPUIPlugin:80 - create IPUIPlugin
2025-04-20 09:30:01,869 [INFO] PluginManager:220 - loadIPPluginJar : add dma3
2025-04-20 09:30:01,870 [INFO] IPUIPlugin:80 - create IPUIPlugin
2025-04-20 09:30:01,870 [INFO] PluginManager:220 - loadIPPluginJar : add extmemmanager
2025-04-20 09:30:01,871 [INFO] IPUIPlugin:80 - create IPUIPlugin
2025-04-20 09:30:01,871 [INFO] PluginManager:220 - loadIPPluginJar : add fatfs
2025-04-20 09:30:01,874 [INFO] IPUIPlugin:80 - create IPUIPlugin
2025-04-20 09:30:01,874 [INFO] PluginManager:220 - loadIPPluginJar : add fmc
2025-04-20 09:30:01,878 [INFO] IPUIPlugin:80 - create IPUIPlugin
2025-04-20 09:30:01,878 [INFO] PluginManager:220 - loadIPPluginJar : add freertos
2025-04-20 09:30:01,879 [INFO] IPUIPlugin:80 - create IPUIPlugin
2025-04-20 09:30:01,879 [INFO] PluginManager:220 - loadIPPluginJar : add genericplugin
2025-04-20 09:30:01,881 [INFO] IPUIPlugin:80 - create IPUIPlugin
2025-04-20 09:30:01,881 [INFO] PluginManager:220 - loadIPPluginJar : add gfxmmu
2025-04-20 09:30:01,883 [INFO] IPUIPlugin:80 - create IPUIPlugin
2025-04-20 09:30:01,883 [INFO] PluginManager:220 - loadIPPluginJar : add gic
2025-04-20 09:30:01,885 [INFO] IPUIPlugin:80 - create IPUIPlugin
2025-04-20 09:30:01,886 [INFO] PluginManager:220 - loadIPPluginJar : add gpio
2025-04-20 09:30:01,887 [INFO] IPUIPlugin:80 - create IPUIPlugin
2025-04-20 09:30:01,887 [INFO] PluginManager:220 - loadIPPluginJar : add gtzc
2025-04-20 09:30:01,888 [INFO] IPUIPlugin:80 - create IPUIPlugin
2025-04-20 09:30:01,888 [INFO] PluginManager:220 - loadIPPluginJar : add hash
2025-04-20 09:30:01,890 [INFO] IPUIPlugin:80 - create IPUIPlugin
2025-04-20 09:30:01,890 [INFO] PluginManager:220 - loadIPPluginJar : add i2c
2025-04-20 09:30:01,891 [INFO] IPUIPlugin:80 - create IPUIPlugin
2025-04-20 09:30:01,891 [INFO] PluginManager:220 - loadIPPluginJar : add i2s
2025-04-20 09:30:01,893 [INFO] IPUIPlugin:80 - create IPUIPlugin
2025-04-20 09:30:01,893 [INFO] PluginManager:220 - loadIPPluginJar : add i3c
2025-04-20 09:30:01,896 [INFO] IPUIPlugin:80 - create IPUIPlugin
2025-04-20 09:30:01,896 [INFO] PluginManager:220 - loadIPPluginJar : add ipddr
2025-04-20 09:30:01,901 [INFO] IPUIPlugin:80 - create IPUIPlugin
2025-04-20 09:30:01,901 [INFO] PluginManager:220 - loadIPPluginJar : add linkedlist
2025-04-20 09:30:01,904 [INFO] IPUIPlugin:80 - create IPUIPlugin
2025-04-20 09:30:01,904 [INFO] PluginManager:220 - loadIPPluginJar : add lorawan
2025-04-20 09:30:01,905 [INFO] IPUIPlugin:80 - create IPUIPlugin
2025-04-20 09:30:01,905 [INFO] PluginManager:220 - loadIPPluginJar : add ltdc
2025-04-20 09:30:01,909 [INFO] IPUIPlugin:80 - create IPUIPlugin
2025-04-20 09:30:01,909 [INFO] PluginManager:220 - loadIPPluginJar : add mdma
2025-04-20 09:30:01,913 [INFO] IPUIPlugin:80 - create IPUIPlugin
2025-04-20 09:30:01,913 [INFO] PluginManager:220 - loadIPPluginJar : add nvic
2025-04-20 09:30:01,916 [INFO] IPUIPlugin:80 - create IPUIPlugin
2025-04-20 09:30:01,916 [INFO] PluginManager:220 - loadIPPluginJar : add opamp
2025-04-20 09:30:01,919 [INFO] IPUIPlugin:80 - create IPUIPlugin
2025-04-20 09:30:01,919 [INFO] PluginManager:220 - loadIPPluginJar : add openamp
2025-04-20 09:30:01,922 [INFO] IPUIPlugin:80 - create IPUIPlugin
2025-04-20 09:30:01,922 [INFO] PluginManager:220 - loadIPPluginJar : add pdm2pcm
2025-04-20 09:30:01,928 [INFO] IPUIPlugin:80 - create IPUIPlugin
2025-04-20 09:30:01,931 [INFO] PluginManager:220 - loadIPPluginJar : add plateformsettings
2025-04-20 09:30:01,932 [INFO] IPUIPlugin:80 - create IPUIPlugin
2025-04-20 09:30:01,932 [INFO] PluginManager:220 - loadIPPluginJar : add quadspi
2025-04-20 09:30:01,934 [INFO] IPUIPlugin:80 - create IPUIPlugin
2025-04-20 09:30:01,935 [INFO] PluginManager:220 - loadIPPluginJar : add radio
2025-04-20 09:30:01,938 [INFO] IPUIPlugin:80 - create IPUIPlugin
2025-04-20 09:30:01,938 [INFO] PluginManager:220 - loadIPPluginJar : add resmgrutility
2025-04-20 09:30:01,941 [INFO] IPUIPlugin:80 - create IPUIPlugin
2025-04-20 09:30:01,941 [INFO] PluginManager:220 - loadIPPluginJar : add sai
2025-04-20 09:30:01,943 [INFO] IPUIPlugin:80 - create IPUIPlugin
2025-04-20 09:30:01,943 [INFO] PluginManager:220 - loadIPPluginJar : add spi
2025-04-20 09:30:01,949 [INFO] IPUIPlugin:80 - create IPUIPlugin
2025-04-20 09:30:01,949 [INFO] PluginManager:220 - loadIPPluginJar : add stm32_wpan
2025-04-20 09:30:01,950 [INFO] IPUIPlugin:80 - create IPUIPlugin
2025-04-20 09:30:01,951 [INFO] PluginManager:220 - loadIPPluginJar : add tim
2025-04-20 09:30:01,953 [INFO] IPUIPlugin:80 - create IPUIPlugin
2025-04-20 09:30:01,953 [INFO] PluginManager:220 - loadIPPluginJar : add touchsensing
2025-04-20 09:30:01,955 [INFO] IPUIPlugin:80 - create IPUIPlugin
2025-04-20 09:30:01,955 [INFO] PluginManager:220 - loadIPPluginJar : add tracer_emb
2025-04-20 09:30:01,956 [INFO] IPUIPlugin:80 - create IPUIPlugin
2025-04-20 09:30:01,956 [INFO] PluginManager:220 - loadIPPluginJar : add ts
2025-04-20 09:30:01,957 [INFO] IPUIPlugin:80 - create IPUIPlugin
2025-04-20 09:30:01,957 [INFO] PluginManager:220 - loadIPPluginJar : add tsc
2025-04-20 09:30:01,958 [INFO] IPUIPlugin:80 - create IPUIPlugin
2025-04-20 09:30:01,958 [INFO] PluginManager:220 - loadIPPluginJar : add ucpd
2025-04-20 09:30:01,960 [INFO] IPUIPlugin:80 - create IPUIPlugin
2025-04-20 09:30:01,960 [INFO] PluginManager:220 - loadIPPluginJar : add usart
2025-04-20 09:30:01,963 [INFO] IPUIPlugin:80 - create IPUIPlugin
2025-04-20 09:30:01,963 [INFO] PluginManager:220 - loadIPPluginJar : add usbx
2025-04-20 09:30:02,069 [FATAL] Updater:351 - Updater called before beeing initialized
2025-04-20 09:30:02,086 [INFO] RulesReader:64 - Compatibility file has been processed (301 Rules)
2025-04-20 09:30:02,094 [INFO] RulesReader:64 - Compatibility file has been processed (301 Rules)
2025-04-20 09:30:02,101 [INFO] CADModel:165 - CPN selected for project level
2025-04-20 09:30:02,101 [INFO] CADModel:114 - Register for checkConnection events
2025-04-20 09:30:02,101 [FATAL] Updater:351 - Updater called before beeing initialized
2025-04-20 09:30:02,101 [ERROR] CADModel:125 - Updater not yet initialized, retry later 
2025-04-20 09:30:02,195 [FATAL] Updater:351 - Updater called before beeing initialized
2025-04-20 09:30:02,196 [INFO] CADModel:165 - CPN selected for project level
2025-04-20 09:30:02,196 [INFO] CADModel:114 - Register for checkConnection events
2025-04-20 09:30:02,196 [FATAL] Updater:351 - Updater called before beeing initialized
2025-04-20 09:30:02,196 [ERROR] CADModel:125 - Updater not yet initialized, retry later 
2025-04-20 09:30:02,198 [FATAL] Updater:351 - Updater called before beeing initialized
2025-04-20 09:30:02,273 [FATAL] Updater:351 - Updater called before beeing initialized
2025-04-20 09:30:02,282 [INFO] DbMcusAds:53 - JSON generation date=Thu Mar 06 17:54:22 EAT 2025 (1741272862204)
2025-04-20 09:30:02,282 [FATAL] Updater:351 - Updater called before beeing initialized
2025-04-20 09:30:02,306 [WARN] DetailPanel:346 - Failed to get advertising image, set to default
2025-04-20 09:30:02,444 [FATAL] Updater:351 - Updater called before beeing initialized
2025-04-20 09:30:02,445 [FATAL] Updater:351 - Updater called before beeing initialized
2025-04-20 09:30:02,446 [FATAL] Updater:351 - Updater called before beeing initialized
2025-04-20 09:30:02,446 [WARN] DetailPanel:346 - Failed to get advertising image, set to default
2025-04-20 09:30:02,446 [FATAL] Updater:351 - Updater called before beeing initialized
2025-04-20 09:30:02,474 [ERROR] Updater:1198 - MainUpdater not yet initialized. External WinMGr cannot be set.
2025-04-20 09:30:02,475 [INFO] Updater:1134 - Updater Version found : 6.14.0
2025-04-20 09:30:02,487 [INFO] ApplicationProperties:184 - Using Application install path: C:\ST\STM32CubeIDE_1.18.0\STM32CubeIDE\plugins\com.st.stm32cube.common.mx_6.14.0.202502271554
2025-04-20 09:30:04,057 [ERROR] LogOutputStream:75 - [STDERR_REDIRECT] Apr 20, 2025 9:30:04 AM java.util.prefs.WindowsPreferences <init>
2025-04-20 09:30:04,058 [ERROR] LogOutputStream:75 - [STDERR_REDIRECT] WARNING: Could not open/create prefs root node Software\JavaSoft\Prefs at root 0xffffffff80000002. Windows RegCreateKeyEx(...) returned error code 5.
2025-04-20 09:30:04,058 [ERROR] LogOutputStream:75 - [STDERR_REDIRECT] 
2025-04-20 09:30:04,400 [INFO] MainUpdater:2872 - connection check result : 10
2025-04-20 09:30:04,400 [INFO] MainUpdater:289 - Updater Check For Update Now.
2025-04-20 09:30:04,400 [INFO] MicroXplorer:498 - Change Database Version : DB.6.0.140
2025-04-20 09:30:04,404 [INFO] McuFinderGlobals:63 - Set McuFinder mode to 2 (CubeIDE integrated)
2025-04-20 09:30:04,405 [INFO] UserAuth:486 - Internet connection configuration mode: 1
2025-04-20 09:30:04,432 [INFO] JxBrowserEngine:152 - Initiate JxBrowser Engine with user profile folder
2025-04-20 09:30:04,503 [WARN] MainUpdater:1193 - Updater busy. Cannot search thirdparties
2025-04-20 09:30:04,503 [INFO] ThirdPartyUpdaterWithRetryManager:96 - Updater plugin is busy. [1/15]
2025-04-20 09:30:04,555 [INFO] CheckServerUpdateThread:120 - End of CheckServer Thread
2025-04-20 09:30:04,845 [INFO] WebApp:169 - Instantiating new browser for Auth
2025-04-20 09:30:05,271 [INFO] WebApp:463 - Apply proxy settings
2025-04-20 09:30:05,271 [INFO] WebApp:548 - Chromium requires no authentication
2025-04-20 09:30:05,277 [INFO] WebApp:491 - Direct internet connection detected
2025-04-20 09:30:05,293 [INFO] WebApp:894 - Register for checkConnection events
2025-04-20 09:30:05,293 [INFO] WebApp:463 - Apply proxy settings
2025-04-20 09:30:05,293 [INFO] WebApp:548 - Chromium requires no authentication
2025-04-20 09:30:05,294 [INFO] WebApp:491 - Direct internet connection detected
2025-04-20 09:30:05,396 [INFO] WebApp:225 - Starting web application
2025-04-20 09:30:05,396 [INFO] WebApp:593 - Web application path used C:\ST\STM32CubeIDE_1.18.0\STM32CubeIDE\plugins\com.st.stm32cube.common.mx_6.14.0.202502271554\db\plugins\mcufinder\reactClient1\index.html
2025-04-20 09:30:05,448 [INFO] UserAuth:486 - Internet connection configuration mode: 1
2025-04-20 09:30:05,964 [INFO] WebApp:191 - Connection restablished
